<?xml version="1.0" encoding="UTF-8"?>
<!-- Generated by org.testng.reporters.JUnitXMLReporter -->
<testsuite hostname="Prateek" ignored="0" name="Default test" tests="4" failures="0" timestamp="11 Feb 2019 15:53:35 GMT" time="142.346" errors="0">
  <testcase name="servicePageTest" time="12.219" classname="com.qa.testcases.ServicePageTest"/>
  <testcase name="EpatButtonClick" time="11.479" classname="com.qa.testcases.ServicePageTest"/>
  <testcase name="quantraButtonClick" time="14.176" classname="com.qa.testcases.ServicePageTest"/>
  <testcase name="logOutTest" time="14.078" classname="com.qa.testcases.ServicePageTest"/>
</testsuite> <!-- Default test -->
