<?xml version="1.0" encoding="UTF-8"?>
<testng-results skipped="0" failed="0" ignored="0" total="1" passed="1">
  <reporter-output>
  </reporter-output>
  <suite name="Default suite" duration-ms="70396" started-at="2019-02-13T16:51:02Z" finished-at="2019-02-13T16:52:12Z">
    <groups>
    </groups>
    <test name="Default test" duration-ms="70396" started-at="2019-02-13T16:51:02Z" finished-at="2019-02-13T16:52:12Z">
      <class name="com.qa.testcases.HomePageTest">
        <test-method status="PASS" signature="setup()[pri:0, instance:com.qa.testcases.HomePageTest@6d4b1c02]" name="setup" is-config="true" duration-ms="48214" started-at="2019-02-13T22:21:02Z" finished-at="2019-02-13T22:21:50Z">
          <reporter-output>
          </reporter-output>
        </test-method> <!-- setup -->
        <test-method status="PASS" signature="homePageTest()[pri:1, instance:com.qa.testcases.HomePageTest@6d4b1c02]" name="homePageTest" duration-ms="21110" started-at="2019-02-13T22:21:50Z" finished-at="2019-02-13T22:22:11Z">
          <reporter-output>
          </reporter-output>
        </test-method> <!-- homePageTest -->
        <test-method status="PASS" signature="tearDown()[pri:0, instance:com.qa.testcases.HomePageTest@6d4b1c02]" name="tearDown" is-config="true" duration-ms="1030" started-at="2019-02-13T22:22:11Z" finished-at="2019-02-13T22:22:12Z">
          <reporter-output>
          </reporter-output>
        </test-method> <!-- tearDown -->
      </class> <!-- com.qa.testcases.HomePageTest -->
    </test> <!-- Default test -->
  </suite> <!-- Default suite -->
</testng-results>
